Arguments: 
  /opt/homebrew/Cellar/node/15.12.0/bin/node /opt/homebrew/bin/yarn add json2csv

PATH: 
  /opt/homebrew/bin:/opt/homebrew/sbin:/usr/local/bin:/usr/bin:/bin:/usr/sbin:/sbin:/opt/homebrew/bin:/opt/homebrew/sbin

Yarn version: 
  1.22.10

Node version: 
  15.12.0

Platform: 
  darwin arm64

Trace: 
  SyntaxError: /Users/mikebijl/Documents/TangentWorks/ConceptualTests/RealTimeParsingDrawing/CSVServe/package.json: Unexpected token } in JSON at position 242
      at JSON.parse (<anonymous>)
      at /opt/homebrew/lib/node_modules/yarn/lib/cli.js:1625:59
      at Generator.next (<anonymous>)
      at step (/opt/homebrew/lib/node_modules/yarn/lib/cli.js:310:30)
      at /opt/homebrew/lib/node_modules/yarn/lib/cli.js:321:13

npm manifest: 
  {
    "name": "CSVServe",
    "version": "1.0.0",
    "description": "JS script to create big csv file with faker + serving this file",
    "main": "index.js",
    "author": "Mike Bijl",
    "license": "MIT",
    "dependencies": {
      "faker": "^5.5.0",
    }
  }

yarn manifest: 
  No manifest

Lockfile: 
  # THIS IS AN AUTOGENERATED FILE. DO NOT EDIT THIS FILE DIRECTLY.
  # yarn lockfile v1
  
  
  async-csv@^2.1.3:
    version "2.1.3"
    resolved "https://registry.yarnpkg.com/async-csv/-/async-csv-2.1.3.tgz#d6e43c61050ed3501b57f53c4c28943c5da59172"
    integrity sha512-mpsCN+D7mzZeqrlDw7UTPhvDQDlx1i819E9fbKIt8drkgED5FSOlBv3Rk/+sXdevnO2wwlRkVOQ4kdT0AyqPqQ==
    dependencies:
      csv "^5.1.3"
  
  csv-generate@^3.3.0:
    version "3.3.0"
    resolved "https://registry.yarnpkg.com/csv-generate/-/csv-generate-3.3.0.tgz#0e25658f1bb9806d94fec7b270896a35c7eedf1a"
    integrity sha512-EXSru4QwEWKwM7wwsJbhrZC+mHEJrhQFoXlohHs80CAU8Qhlv9gaw1sjzNiC3Hr3oUx5skDmEiAlz+tnKWV0RA==
  
  csv-parse@^4.15.3:
    version "4.15.3"
    resolved "https://registry.yarnpkg.com/csv-parse/-/csv-parse-4.15.3.tgz#8a62759617a920c328cb31c351b05053b8f92b10"
    integrity sha512-jlTqDvLdHnYMSr08ynNfk4IAUSJgJjTKy2U5CQBSu4cN9vQOJonLVZP4Qo4gKKrIgIQ5dr07UwOJdi+lRqT12w==
  
  csv-stringify@^5.6.2:
    version "5.6.2"
    resolved "https://registry.yarnpkg.com/csv-stringify/-/csv-stringify-5.6.2.tgz#e653783e2189c4c797fbb12abf7f4943c787caa9"
    integrity sha512-n3rIVbX6ylm1YsX2NEug9IaPV8xRnT+9/NNZbrA/bcHgOSSeqtWla6XnI/xmyu57wIw+ASCAoX1oM6EZtqJV0A==
  
  csv@^5.1.3:
    version "5.4.0"
    resolved "https://registry.yarnpkg.com/csv/-/csv-5.4.0.tgz#48cb482c45d4f3604187b12162e6c43b69f4dd36"
    integrity sha512-wtdhi5Q53Rhjm2qzi2iDBLI1FHXTECXOTQ/jrZD5gzEXS9ukUkHwbhHRrCvv/vYFisy6uSoUeuW11P7KgrrDRg==
    dependencies:
      csv-generate "^3.3.0"
      csv-parse "^4.15.3"
      csv-stringify "^5.6.2"
      stream-transform "^2.0.4"
  
  faker@^5.5.0:
    version "5.5.0"
    resolved "https://registry.yarnpkg.com/faker/-/faker-5.5.0.tgz#17922f6252cd44c732943c89c2f0f0c7e189ffe3"
    integrity sha512-2pPfgmRCfMDRJy8koo5WSEXVHpRdYSs04Iis/kCamSg5nnXyknArW1t4phpJXy2/LIr0C7cys/+IiIQLLU/KCw==
  
  mixme@^0.4.0:
    version "0.4.0"
    resolved "https://registry.yarnpkg.com/mixme/-/mixme-0.4.0.tgz#a1aee27f0d63cc905e1cc6ddc98abf94d414435e"
    integrity sha512-B4Sm1CDC5+ov5AYxSkyeT5HLtiDgNOLKwFlq34wr8E2O3zRdTvQiLzo599Jt9cir6VJrSenOlgvdooVYCQJIYw==
  
  objects-to-csv@^1.3.6:
    version "1.3.6"
    resolved "https://registry.yarnpkg.com/objects-to-csv/-/objects-to-csv-1.3.6.tgz#05f25144099151ee915d2dd1458d4dd3ea96d84a"
    integrity sha512-383eSpS3hmgCksW85KIqBtcbgSW5DDVsCmzLoM6C3q4yzOX2rmtWxF4pbLJ76fz+ufA+4/SwAT4QdaY6IUWmAg==
    dependencies:
      async-csv "^2.1.3"
  
  stream-transform@^2.0.4:
    version "2.0.4"
    resolved "https://registry.yarnpkg.com/stream-transform/-/stream-transform-2.0.4.tgz#911ff7556d1e25c237e95d783f6739d9e0b4a61c"
    integrity sha512-LQXH1pUksoef5Ijo6+2ihnjLLZtZuoqu1vhut6a7xZ77nrLA/shbbx2FAzVC/nkb6wwrPzOO98700mv4HDQcWg==
    dependencies:
      mixme "^0.4.0"
